     1                                  bits 32
     2                                  
     3                                  extern printf
     4                                  import printf msvcrt.dll
     5                                  segment data use32 class==data
     6 00000000 256400                      littleMessage db "%d", 0
     7                                  
     8                                  segment code use32 public code
     9                                  
    10                                  global prime
    11                                  
    12                                  prime:
    13 00000000 8B442404                    mov eax, [esp + 4]
    14 00000004 83F802                      cmp eax, 2
    15 00000007 7426                        je isPrime
    16 00000009 83F802                      cmp eax, 2
    17 0000000C 7C30                        jl isNotPrime
    18                                  
    19 0000000E 50                          push eax
    20 0000000F 6658                        pop ax
    21 00000011 665A                        pop dx
    22                                      
    23 00000013 BB02000000                  mov ebx, 2
    24                                      
    25                                      isItPrime:
    26                                          
    27 00000018 6652                            push dx
    28 0000001A 6650                            push ax
    29 0000001C 66F7F3                          div bx
    30                                          
    31 0000001F 6683FA00                        cmp dx, 0
    32 00000023 7419                            je isNotPrime
    33                                          
    34 00000025 43                              inc ebx
    35 00000026 6658                            pop ax
    36 00000028 665A                            pop dx
    37 0000002A 6639C3                      cmp bx, ax
    38 0000002D 7CE9                        jl isItPrime
    39                                      
    40                                      isPrime:
    41 0000002F 50                              push dword eax
    42 00000030 68[00000000]                    push dword littleMessage
    43 00000035 FF15[00000000]                  call [printf]
    44 0000003B 83C408                          add esp, 4 * 2
    45                                      isNotPrime:
    46 0000003E C20400                      ret 4
